<?xml version="1.0" encoding="UTF-8"?>
<testsuite name="inkball.SampleTest" tests="1" skipped="0" failures="0" errors="0" timestamp="2024-10-29T06:12:14" hostname="husseindeair.student.wireless.sydney.edu.au" time="2.125">
  <properties/>
  <testcase name="simpleTest()" classname="inkball.SampleTest" time="2.125"/>
  <system-out><![CDATA[]]></system-out>
  <system-err><![CDATA[]]></system-err>
</testsuite>
